c:\users\administrator\documents\visual studio 2015\projects\testing\assignment1\x64\debug\vc140.pdb
c:\users\administrator\documents\visual studio 2015\projects\testing\assignment1\x64\debug\vc140.idb
c:\users\administrator\documents\visual studio 2015\projects\testing\assignment1\x64\debug\main.obj
c:\users\administrator\documents\visual studio 2015\projects\testing\assignment1\x64\debug\source.obj
c:\users\administrator\documents\visual studio 2015\projects\testing\x64\debug\assignment1.ilk
c:\users\administrator\documents\visual studio 2015\projects\testing\x64\debug\assignment1.exe
c:\users\administrator\documents\visual studio 2015\projects\testing\x64\debug\assignment1.pdb
c:\users\administrator\documents\visual studio 2015\projects\assignment1\assignment1\x64\debug\main.obj
c:\users\administrator\documents\visual studio 2015\projects\assignment1\assignment1\x64\debug\source.obj
c:\users\administrator\documents\visual studio 2015\projects\assignment1\assignment1\x64\debug\vc140.idb
c:\users\administrator\documents\visual studio 2015\projects\assignment1\assignment1\x64\debug\vc140.pdb
c:\users\administrator\documents\visual studio 2015\projects\assignment1\x64\debug\assignment1.pdb
c:\users\administrator\documents\visual studio 2015\projects\assignment1\x64\debug\assignment1.exe
c:\users\administrator\documents\visual studio 2015\projects\assignment1\x64\debug\assignment1.ilk
c:\users\administrator\documents\visual studio 2015\projects\assignment1\assignment1\x64\debug\assignment1.tlog\cl.command.1.tlog
c:\users\administrator\documents\visual studio 2015\projects\assignment1\assignment1\x64\debug\assignment1.tlog\cl.read.1.tlog
c:\users\administrator\documents\visual studio 2015\projects\assignment1\assignment1\x64\debug\assignment1.tlog\cl.write.1.tlog
c:\users\administrator\documents\visual studio 2015\projects\assignment1\assignment1\x64\debug\assignment1.tlog\link.command.1.tlog
c:\users\administrator\documents\visual studio 2015\projects\assignment1\assignment1\x64\debug\assignment1.tlog\link.read.1.tlog
c:\users\administrator\documents\visual studio 2015\projects\assignment1\assignment1\x64\debug\assignment1.tlog\link.write.1.tlog
